{
  "RSpec": {
    "coverage": {
      "/home/oracletone/Documents/codaisseurify2/spec/controllers/artists_controller_spec.rb": [
        1,
        1,
        null,
        null,
        1,
        null,
        1,
        1,
        1,
        1,
        null,
        null,
        null,
        1,
        1,
        null,
        1,
        1,
        1,
        null,
        null,
        null,
        null,
        null,
        null
      ],
      "/home/oracletone/Documents/codaisseurify2/spec/rails_helper.rb": [
        null,
        1,
        1,
        1,
        null,
        1,
        1,
        null,
        1,
        1,
        null,
        null,
        null,
        null,
        null,
        null,
        null,
        null,
        null,
        null,
        null,
        null,
        null,
        null,
        null,
        3,
        null,
        null,
        null,
        1,
        null,
        1,
        null,
        1,
        null,
        null,
        null,
        null,
        1,
        null,
        null,
        null,
        null,
        null,
        null,
        null,
        null,
        null,
        null,
        null,
        null,
        null,
        null,
        1,
        null,
        null,
        1,
        null,
        null,
        null,
        1,
        1,
        null,
        null,
        null
      ],
      "/home/oracletone/Documents/codaisseurify2/config/environment.rb": [
        null,
        1,
        null,
        null,
        1
      ],
      "/home/oracletone/Documents/codaisseurify2/config/application.rb": [
        1,
        null,
        1,
        null,
        1,
        1,
        1,
        1,
        1,
        1,
        1,
        1,
        null,
        null,
        null,
        null,
        1,
        null,
        1,
        1,
        null,
        1,
        null,
        1,
        0,
        null,
        null,
        null,
        null,
        null,
        null,
        null,
        1,
        null,
        null
      ],
      "/home/oracletone/Documents/codaisseurify2/config/boot.rb": [
        1,
        null,
        1
      ],
      "/home/oracletone/Documents/codaisseurify2/config/environments/test.rb": [
        1,
        null,
        null,
        null,
        null,
        null,
        null,
        1,
        null,
        null,
        null,
        null,
        1,
        null,
        null,
        1,
        1,
        null,
        null,
        null,
        null,
        1,
        1,
        null,
        null,
        1,
        null,
        null,
        1,
        1,
        null,
        null,
        null,
        null,
        1,
        null,
        null,
        1,
        null,
        null,
        null,
        null
      ],
      "/home/oracletone/Documents/codaisseurify2/config/initializers/application_controller_renderer.rb": [
        null,
        null,
        null,
        null,
        null,
        null,
        null,
        null
      ],
      "/home/oracletone/Documents/codaisseurify2/config/initializers/assets.rb": [
        null,
        null,
        null,
        1,
        null,
        null,
        null,
        null,
        1,
        null,
        null,
        null,
        null,
        null
      ],
      "/home/oracletone/Documents/codaisseurify2/config/initializers/backtrace_silencers.rb": [
        null,
        null,
        null,
        null,
        null,
        null,
        null
      ],
      "/home/oracletone/Documents/codaisseurify2/config/initializers/cookies_serializer.rb": [
        null,
        null,
        null,
        null,
        1
      ],
      "/home/oracletone/Documents/codaisseurify2/config/initializers/filter_parameter_logging.rb": [
        null,
        null,
        null,
        1
      ],
      "/home/oracletone/Documents/codaisseurify2/config/initializers/inflections.rb": [
        null,
        null,
        null,
        null,
        null,
        null,
        null,
        null,
        null,
        null,
        null,
        null,
        null,
        null,
        null,
        null
      ],
      "/home/oracletone/Documents/codaisseurify2/config/initializers/mime_types.rb": [
        null,
        null,
        null,
        null
      ],
      "/home/oracletone/Documents/codaisseurify2/config/initializers/wrap_parameters.rb": [
        null,
        null,
        null,
        null,
        null,
        null,
        1,
        2,
        null,
        null,
        null,
        null,
        null,
        null
      ],
      "/home/oracletone/Documents/codaisseurify2/spec/factories/artists.rb": [
        1,
        1,
        null,
        null,
        null
      ],
      "/home/oracletone/Documents/codaisseurify2/spec/factories/photos.rb": [
        1,
        1,
        1,
        1,
        null,
        null
      ],
      "/home/oracletone/Documents/codaisseurify2/spec/factories/songs.rb": [
        1,
        1,
        null,
        null,
        null
      ],
      "/home/oracletone/Documents/codaisseurify2/config/routes.rb": [
        1,
        null,
        null,
        1,
        null,
        1,
        1,
        null,
        1,
        null,
        null,
        null,
        null
      ],
      "/home/oracletone/Documents/codaisseurify2/app/helpers/application_helper.rb": [
        1,
        null
      ],
      "/home/oracletone/Documents/codaisseurify2/app/helpers/artists_helper.rb": [
        1,
        null
      ],
      "/home/oracletone/Documents/codaisseurify2/app/helpers/photos_helper.rb": [
        1,
        null
      ],
      "/home/oracletone/Documents/codaisseurify2/app/helpers/songs_helper.rb": [
        1,
        null
      ],
      "/home/oracletone/Documents/codaisseurify2/spec/support/database_cleaner.rb": [
        1,
        null,
        1,
        null,
        1,
        1,
        0,
        null,
        null,
        null,
        null,
        null,
        null,
        null,
        null,
        null,
        null,
        1,
        null,
        null,
        1,
        15,
        null,
        null,
        1,
        null,
        null,
        4,
        null,
        4,
        null,
        null,
        null,
        1,
        null,
        null,
        null,
        1,
        15,
        null,
        null,
        1,
        15,
        null,
        null,
        null
      ],
      "/home/oracletone/Documents/codaisseurify2/spec/support/factory_bot.rb": [
        null,
        null,
        1,
        1,
        null
      ],
      "/home/oracletone/Documents/codaisseurify2/app/controllers/artists_controller.rb": [
        1,
        1,
        null,
        1,
        2,
        null,
        null,
        null,
        1,
        null,
        4,
        null,
        null,
        null,
        null,
        1,
        0,
        null,
        null,
        1,
        0,
        null,
        0,
        null,
        0,
        0,
        null,
        0,
        null,
        0,
        null,
        null,
        null,
        1,
        0,
        0,
        null,
        null,
        1,
        0,
        0,
        null,
        0,
        0,
        null,
        0,
        null,
        0,
        null,
        null,
        null,
        1,
        0,
        0,
        null,
        0,
        null,
        null,
        null,
        1,
        null,
        null,
        null,
        null,
        null,
        null,
        null,
        null,
        1,
        4,
        null,
        null,
        1,
        0,
        null,
        null,
        null,
        null,
        null,
        null,
        null,
        1,
        null,
        null,
        0,
        null,
        null,
        null
      ],
      "/home/oracletone/Documents/codaisseurify2/app/controllers/application_controller.rb": [
        1,
        1,
        null
      ],
      "/home/oracletone/Documents/codaisseurify2/spec/controllers/photos_controller_spec.rb": [
        1,
        1,
        null,
        null,
        1,
        null,
        null,
        null,
        null
      ],
      "/home/oracletone/Documents/codaisseurify2/app/controllers/photos_controller.rb": [
        1,
        1,
        null,
        null,
        null,
        null,
        1,
        0,
        0,
        0,
        0,
        null,
        null,
        1,
        null,
        1,
        0,
        null,
        null,
        1,
        0,
        null,
        null,
        1,
        0,
        null,
        null,
        null,
        null
      ],
      "/home/oracletone/Documents/codaisseurify2/spec/controllers/songs_controller_spec.rb": [
        1,
        1,
        null,
        null,
        1,
        null,
        null,
        null,
        null
      ],
      "/home/oracletone/Documents/codaisseurify2/app/controllers/songs_controller.rb": [
        1,
        null,
        1,
        1,
        null,
        1,
        null,
        0,
        null,
        null,
        1,
        0,
        null,
        null,
        1,
        null,
        null,
        null,
        1,
        1,
        null,
        null,
        1,
        1,
        1,
        2,
        null,
        0,
        0,
        null,
        null,
        null,
        null,
        null,
        null,
        null,
        1,
        0,
        0,
        0,
        0,
        null,
        null,
        null,
        1,
        null,
        1,
        null,
        null,
        1,
        null,
        null,
        1,
        1,
        null,
        null,
        1,
        0,
        null,
        null,
        null,
        null,
        null
      ],
      "/home/oracletone/Documents/codaisseurify2/spec/features/list_artists_spec.rb": [
        1,
        null,
        1,
        null,
        null,
        null,
        null,
        2,
        null,
        null,
        null,
        1,
        1,
        null,
        1,
        null,
        null,
        null
      ],
      "/home/oracletone/Documents/codaisseurify2/spec/features/list_songs_spec.rb": [
        1,
        null,
        null,
        1,
        null,
        null,
        null,
        1,
        null,
        null,
        null,
        null
      ],
      "/home/oracletone/Documents/codaisseurify2/spec/features/manage_songs_spec.rb": [
        1,
        1,
        null,
        1,
        2,
        null,
        1,
        1,
        null,
        null,
        null,
        1,
        null,
        null,
        null,
        null,
        null,
        1,
        null,
        null,
        1,
        null,
        null,
        1,
        1,
        1,
        null,
        1,
        null,
        null,
        null,
        null
      ],
      "/home/oracletone/Documents/codaisseurify2/spec/features/show_artist_detail_spec.rb": [
        1,
        null,
        1,
        null,
        2,
        null,
        1,
        1,
        null,
        1,
        null,
        null,
        null,
        null
      ],
      "/home/oracletone/Documents/codaisseurify2/spec/models/artist_spec.rb": [
        1,
        1,
        null,
        1,
        null,
        null,
        null,
        1,
        1,
        1,
        null,
        null,
        1,
        null,
        null,
        1,
        null,
        null,
        null,
        null,
        1,
        3,
        null,
        3,
        3,
        null,
        1,
        1,
        1,
        null,
        null,
        1,
        2,
        null,
        null,
        null,
        null,
        null,
        null,
        null,
        null,
        1,
        null,
        null,
        null
      ],
      "/home/oracletone/Documents/codaisseurify2/app/models/artist.rb": [
        1,
        1,
        1,
        null,
        1,
        1,
        null,
        null,
        1,
        0,
        null,
        null,
        null
      ],
      "/home/oracletone/Documents/codaisseurify2/app/models/application_record.rb": [
        1,
        1,
        null
      ],
      "/home/oracletone/Documents/codaisseurify2/spec/models/photo_spec.rb": [
        1,
        1,
        null,
        1,
        1,
        2,
        null,
        1,
        1,
        null,
        1,
        null,
        null,
        null
      ],
      "/home/oracletone/Documents/codaisseurify2/app/models/photo.rb": [
        1,
        1,
        1,
        null
      ],
      "/home/oracletone/Documents/codaisseurify2/app/uploaders/image_uploader.rb": [
        1,
        1,
        null,
        1,
        1,
        1,
        1,
        null,
        null
      ],
      "/home/oracletone/Documents/codaisseurify2/spec/models/song_spec.rb": [
        null,
        1,
        1,
        null,
        1,
        1,
        1,
        1,
        null,
        null,
        null,
        null,
        1,
        1,
        1,
        null,
        null,
        null,
        null,
        1,
        2,
        null,
        1,
        1,
        null,
        1,
        null,
        null,
        null,
        null,
        null,
        1,
        null,
        null,
        null
      ],
      "/home/oracletone/Documents/codaisseurify2/app/models/song.rb": [
        1,
        null,
        1,
        null,
        1,
        1,
        null,
        null,
        null,
        1,
        null,
        null
      ]
    },
    "timestamp": 1515341025
  }
}
